BENCHMARKING
total init sim edge_comm file_io
1.774e+02 1.569e-01 1.917e+01 1.583e+02 1.581e+02
BENCHMARKING
total init sim edge_comm file_io
1.774e+02 1.561e-01 1.918e+01 1.583e+02 1.580e+02
BENCHMARKING
total init sim edge_comm file_io
1.780e+02 1.781e-01 1.922e+01 1.588e+02 1.585e+02
srun: Job 14882796 step creation temporarily disabled, retrying
srun: Step created for job 14882796
BENCHMARKING
total init sim edge_comm file_io
1.811e+02 1.607e-01 2.353e+01 1.616e+02 1.573e+02
BENCHMARKING
total init sim edge_comm file_io
1.767e+02 1.567e-01 1.915e+01 1.575e+02 1.573e+02
BENCHMARKING
total init sim edge_comm file_io
1.795e+02 1.569e-01 2.350e+01 1.604e+02 1.588e+02
BENCHMARKING
total init sim edge_comm file_io
1.763e+02 1.565e-01 1.900e+01 1.573e+02 1.570e+02
BENCHMARKING
total init sim edge_comm file_io
1.763e+02 1.561e-01 1.896e+01 1.574e+02 1.571e+02
BENCHMARKING
total init sim edge_comm file_io
1.774e+02 1.561e-01 2.026e+01 1.583e+02 1.569e+02
BENCHMARKING
total init sim edge_comm file_io
1.769e+02 1.562e-01 1.978e+01 1.578e+02 1.570e+02
